<?xml version="1.0" encoding="UTF-8"?>
<!-- Generated by org.testng.reporters.JUnitReportReporter -->
<testsuite hostname="HP" failures="0" tests="1" name="test.ProyectoTest1" time="38.521" errors="0" timestamp="2021-01-05T13:07:40 PET" skipped="0">
  <testcase classname="test.ProyectoTest1" name="llenarCuestionario" time="38.521"/>
</testsuite> <!-- test.ProyectoTest1 -->
